<?xml version="1.0" encoding="UTF-8"?>
<testng-results ignored="0" total="0" passed="0" failed="0" skipped="0">
  <reporter-output>
  </reporter-output>
  <suite started-at="2024-06-02T14:51:54 BST" name="Suite" finished-at="2024-06-02T14:52:05 BST" duration-ms="10758">
    <groups>
    </groups>
    <test started-at="2024-06-02T14:51:54 BST" name="Test" finished-at="2024-06-02T14:52:05 BST" duration-ms="10758">
      <class name="Base.Signup">
        <test-method is-config="true" signature="launchBrowser1()[pri:0, instance:Base.Signup@708f5957]" started-at="2024-06-02T14:51:54 BST" name="launchBrowser1" finished-at="2024-06-02T14:52:05 BST" duration-ms="10735" status="PASS">
          <reporter-output>
          </reporter-output>
        </test-method> <!-- launchBrowser1 -->
      </class> <!-- Base.Signup -->
    </test> <!-- Test -->
  </suite> <!-- Suite -->
</testng-results>
